  Race.cpp
C:\Users\Tatiana\source\repos\DynLibTC\TC.h(21,14): warning C4251: "TC::name": "std::basic_string<char,std::char_traits<char>,std::allocator<char>>" должен иметь dll-интерфейс для использования клиентами "TC"
  (компиляция исходного файла "Race.cpp")
      C:\Program Files\Microsoft Visual Studio\2022\Community\VC\Tools\MSVC\14.43.34808\include\xstring(522,7):
       см. объявление "std::basic_string<char,std::char_traits<char>,std::allocator<char>>"
  
C:\Users\Tatiana\source\repos\DynLibTC\TC.h(35,40): warning C4251: "Surface::time_relax": "std::vector<std::pair<size_t,double>,std::allocator<std::pair<size_t,double>>>" должен иметь dll-интерфейс для использования клиентами "Surface"
  (компиляция исходного файла "Race.cpp")
      C:\Program Files\Microsoft Visual Studio\2022\Community\VC\Tools\MSVC\14.43.34808\include\vector(429,7):
       см. объявление "std::vector<std::pair<size_t,double>,std::allocator<std::pair<size_t,double>>>"
  
C:\Users\Tatiana\source\repos\DynLibTC\TC.h(50,41): warning C4251: "Air::kf_less": "std::vector<std::pair<size_t,double>,std::allocator<std::pair<size_t,double>>>" должен иметь dll-интерфейс для использования клиентами "Air"
  (компиляция исходного файла "Race.cpp")
      C:\Program Files\Microsoft Visual Studio\2022\Community\VC\Tools\MSVC\14.43.34808\include\vector(429,7):
       см. объявление "std::vector<std::pair<size_t,double>,std::allocator<std::pair<size_t,double>>>"
  
C:\Users\Tatiana\source\repos\DynLibTC\TC.h(51,14): warning C4251: "Air::type_kf": "std::basic_string<char,std::char_traits<char>,std::allocator<char>>" должен иметь dll-интерфейс для использования клиентами "Air"
  (компиляция исходного файла "Race.cpp")
      C:\Program Files\Microsoft Visual Studio\2022\Community\VC\Tools\MSVC\14.43.34808\include\xstring(522,7):
       см. объявление "std::basic_string<char,std::char_traits<char>,std::allocator<char>>"
  
C:\Users\Tatiana\source\repos\DynLibTC\Race.cpp(90,13): warning C4267: =: преобразование из "size_t" в "int"; возможна потеря данных
  Rendering.cpp
C:\Users\Tatiana\source\repos\DynLibTC\TC.h(21,14): warning C4251: "TC::name": "std::basic_string<char,std::char_traits<char>,std::allocator<char>>" должен иметь dll-интерфейс для использования клиентами "TC"
  (компиляция исходного файла "Rendering.cpp")
      C:\Program Files\Microsoft Visual Studio\2022\Community\VC\Tools\MSVC\14.43.34808\include\xstring(522,7):
       см. объявление "std::basic_string<char,std::char_traits<char>,std::allocator<char>>"
  
C:\Users\Tatiana\source\repos\DynLibTC\TC.h(35,40): warning C4251: "Surface::time_relax": "std::vector<std::pair<size_t,double>,std::allocator<std::pair<size_t,double>>>" должен иметь dll-интерфейс для использования клиентами "Surface"
  (компиляция исходного файла "Rendering.cpp")
      C:\Program Files\Microsoft Visual Studio\2022\Community\VC\Tools\MSVC\14.43.34808\include\vector(429,7):
       см. объявление "std::vector<std::pair<size_t,double>,std::allocator<std::pair<size_t,double>>>"
  
C:\Users\Tatiana\source\repos\DynLibTC\TC.h(50,41): warning C4251: "Air::kf_less": "std::vector<std::pair<size_t,double>,std::allocator<std::pair<size_t,double>>>" должен иметь dll-интерфейс для использования клиентами "Air"
  (компиляция исходного файла "Rendering.cpp")
      C:\Program Files\Microsoft Visual Studio\2022\Community\VC\Tools\MSVC\14.43.34808\include\vector(429,7):
       см. объявление "std::vector<std::pair<size_t,double>,std::allocator<std::pair<size_t,double>>>"
  
C:\Users\Tatiana\source\repos\DynLibTC\TC.h(51,14): warning C4251: "Air::type_kf": "std::basic_string<char,std::char_traits<char>,std::allocator<char>>" должен иметь dll-интерфейс для использования клиентами "Air"
  (компиляция исходного файла "Rendering.cpp")
      C:\Program Files\Microsoft Visual Studio\2022\Community\VC\Tools\MSVC\14.43.34808\include\xstring(522,7):
       см. объявление "std::basic_string<char,std::char_traits<char>,std::allocator<char>>"
  
C:\Users\Tatiana\source\repos\DynLibTC\Rendering.cpp(48,31): warning C4267: +=: преобразование из "size_t" в "SHORT"; возможна потеря данных
  TC.cpp
C:\Users\Tatiana\source\repos\DynLibTC\TC.h(21,14): warning C4251: "TC::name": "std::basic_string<char,std::char_traits<char>,std::allocator<char>>" должен иметь dll-интерфейс для использования клиентами "TC"
  (компиляция исходного файла "TC.cpp")
      C:\Program Files\Microsoft Visual Studio\2022\Community\VC\Tools\MSVC\14.43.34808\include\xstring(522,7):
       см. объявление "std::basic_string<char,std::char_traits<char>,std::allocator<char>>"
  
C:\Users\Tatiana\source\repos\DynLibTC\TC.h(35,40): warning C4251: "Surface::time_relax": "std::vector<std::pair<size_t,double>,std::allocator<std::pair<size_t,double>>>" должен иметь dll-интерфейс для использования клиентами "Surface"
  (компиляция исходного файла "TC.cpp")
      C:\Program Files\Microsoft Visual Studio\2022\Community\VC\Tools\MSVC\14.43.34808\include\vector(429,7):
       см. объявление "std::vector<std::pair<size_t,double>,std::allocator<std::pair<size_t,double>>>"
  
C:\Users\Tatiana\source\repos\DynLibTC\TC.h(50,41): warning C4251: "Air::kf_less": "std::vector<std::pair<size_t,double>,std::allocator<std::pair<size_t,double>>>" должен иметь dll-интерфейс для использования клиентами "Air"
  (компиляция исходного файла "TC.cpp")
      C:\Program Files\Microsoft Visual Studio\2022\Community\VC\Tools\MSVC\14.43.34808\include\vector(429,7):
       см. объявление "std::vector<std::pair<size_t,double>,std::allocator<std::pair<size_t,double>>>"
  
C:\Users\Tatiana\source\repos\DynLibTC\TC.h(51,14): warning C4251: "Air::type_kf": "std::basic_string<char,std::char_traits<char>,std::allocator<char>>" должен иметь dll-интерфейс для использования клиентами "Air"
  (компиляция исходного файла "TC.cpp")
      C:\Program Files\Microsoft Visual Studio\2022\Community\VC\Tools\MSVC\14.43.34808\include\xstring(522,7):
       см. объявление "std::basic_string<char,std::char_traits<char>,std::allocator<char>>"
  
  Создание кода...
C:\Users\Tatiana\source\repos\DynLibTC\Race.cpp(48,1): warning C4715: Race::Fun_: значение возвращается не при всех путях выполнения
  DynLibTC.vcxproj -> C:\Users\Tatiana\source\repos\DynLibTC\x64\Debug\DynLibTC.dll
